  main.cpp
  ofApp.cpp
  ofPlayers.cpp
  ofUI.cpp
  ofWord.cpp
C:\Users\anna-\OneDrive\Immagini\Documenti\openFrameworks\of_v0.12.0_vs_release\libs\openFrameworks\math\ofMatrix4x4.h(326,1): warning C4267: 'argument': conversion from 'size_t' to 'int', possible loss of data (compiling source file src\main.cpp)
C:\Users\anna-\OneDrive\Immagini\Documenti\openFrameworks\of_v0.12.0_vs_release\libs\openFrameworks\math\ofMatrix4x4.h(331,1): warning C4267: 'argument': conversion from 'size_t' to 'int', possible loss of data (compiling source file src\main.cpp)
C:\Users\anna-\OneDrive\Immagini\Documenti\openFrameworks\of_v0.12.0_vs_release\libs\openFrameworks\math\ofMatrix4x4.h(912,12): warning C4267: 'argument': conversion from 'size_t' to 'int', possible loss of data (compiling source file src\main.cpp)
C:\Users\anna-\OneDrive\Immagini\Documenti\openFrameworks\of_v0.12.0_vs_release\libs\openFrameworks\math\ofMatrix4x4.h(913,12): warning C4267: 'argument': conversion from 'size_t' to 'int', possible loss of data (compiling source file src\main.cpp)
C:\Users\anna-\OneDrive\Immagini\Documenti\openFrameworks\of_v0.12.0_vs_release\libs\openFrameworks\math\ofMatrix4x4.h(914,12): warning C4267: 'argument': conversion from 'size_t' to 'int', possible loss of data (compiling source file src\main.cpp)
C:\Users\anna-\OneDrive\Immagini\Documenti\openFrameworks\of_v0.12.0_vs_release\libs\openFrameworks\math\ofMatrix4x4.h(915,12): warning C4267: 'argument': conversion from 'size_t' to 'int', possible loss of data (compiling source file src\main.cpp)
C:\Users\anna-\OneDrive\Immagini\Documenti\openFrameworks\of_v0.12.0_vs_release\libs\openFrameworks\math\ofMatrix4x4.h(326,1): warning C4267: 'argument': conversion from 'size_t' to 'int', possible loss of data (compiling source file src\ofApp.cpp)
C:\Users\anna-\OneDrive\Immagini\Documenti\openFrameworks\of_v0.12.0_vs_release\libs\openFrameworks\math\ofMatrix4x4.h(331,1): warning C4267: 'argument': conversion from 'size_t' to 'int', possible loss of data (compiling source file src\ofApp.cpp)
C:\Users\anna-\OneDrive\Immagini\Documenti\openFrameworks\of_v0.12.0_vs_release\libs\openFrameworks\math\ofMatrix4x4.h(912,12): warning C4267: 'argument': conversion from 'size_t' to 'int', possible loss of data (compiling source file src\ofApp.cpp)
C:\Users\anna-\OneDrive\Immagini\Documenti\openFrameworks\of_v0.12.0_vs_release\libs\openFrameworks\math\ofMatrix4x4.h(913,12): warning C4267: 'argument': conversion from 'size_t' to 'int', possible loss of data (compiling source file src\ofApp.cpp)
C:\Users\anna-\OneDrive\Immagini\Documenti\openFrameworks\of_v0.12.0_vs_release\libs\openFrameworks\math\ofMatrix4x4.h(914,12): warning C4267: 'argument': conversion from 'size_t' to 'int', possible loss of data (compiling source file src\ofApp.cpp)
C:\Users\anna-\OneDrive\Immagini\Documenti\openFrameworks\of_v0.12.0_vs_release\libs\openFrameworks\math\ofMatrix4x4.h(915,12): warning C4267: 'argument': conversion from 'size_t' to 'int', possible loss of data (compiling source file src\ofApp.cpp)
C:\Users\anna-\OneDrive\Immagini\Documenti\openFrameworks\of_v0.12.0_vs_release\libs\openFrameworks\math\ofMatrix4x4.h(326,1): warning C4267: 'argument': conversion from 'size_t' to 'int', possible loss of data (compiling source file src\ofPlayers.cpp)
C:\Users\anna-\OneDrive\Immagini\Documenti\openFrameworks\of_v0.12.0_vs_release\libs\openFrameworks\math\ofMatrix4x4.h(331,1): warning C4267: 'argument': conversion from 'size_t' to 'int', possible loss of data (compiling source file src\ofPlayers.cpp)
C:\Users\anna-\OneDrive\Immagini\Documenti\openFrameworks\of_v0.12.0_vs_release\libs\openFrameworks\math\ofMatrix4x4.h(912,12): warning C4267: 'argument': conversion from 'size_t' to 'int', possible loss of data (compiling source file src\ofPlayers.cpp)
C:\Users\anna-\OneDrive\Immagini\Documenti\openFrameworks\of_v0.12.0_vs_release\libs\openFrameworks\math\ofMatrix4x4.h(913,12): warning C4267: 'argument': conversion from 'size_t' to 'int', possible loss of data (compiling source file src\ofPlayers.cpp)
C:\Users\anna-\OneDrive\Immagini\Documenti\openFrameworks\of_v0.12.0_vs_release\libs\openFrameworks\math\ofMatrix4x4.h(914,12): warning C4267: 'argument': conversion from 'size_t' to 'int', possible loss of data (compiling source file src\ofPlayers.cpp)
C:\Users\anna-\OneDrive\Immagini\Documenti\openFrameworks\of_v0.12.0_vs_release\libs\openFrameworks\math\ofMatrix4x4.h(915,12): warning C4267: 'argument': conversion from 'size_t' to 'int', possible loss of data (compiling source file src\ofPlayers.cpp)
C:\Users\anna-\OneDrive\Immagini\Documenti\openFrameworks\of_v0.12.0_vs_release\libs\openFrameworks\math\ofMatrix4x4.h(326,1): warning C4267: 'argument': conversion from 'size_t' to 'int', possible loss of data (compiling source file src\ofUI.cpp)
C:\Users\anna-\OneDrive\Immagini\Documenti\openFrameworks\of_v0.12.0_vs_release\libs\openFrameworks\math\ofMatrix4x4.h(331,1): warning C4267: 'argument': conversion from 'size_t' to 'int', possible loss of data (compiling source file src\ofUI.cpp)
C:\Users\anna-\OneDrive\Immagini\Documenti\openFrameworks\of_v0.12.0_vs_release\libs\openFrameworks\math\ofMatrix4x4.h(912,12): warning C4267: 'argument': conversion from 'size_t' to 'int', possible loss of data (compiling source file src\ofUI.cpp)
C:\Users\anna-\OneDrive\Immagini\Documenti\openFrameworks\of_v0.12.0_vs_release\libs\openFrameworks\math\ofMatrix4x4.h(913,12): warning C4267: 'argument': conversion from 'size_t' to 'int', possible loss of data (compiling source file src\ofUI.cpp)
C:\Users\anna-\OneDrive\Immagini\Documenti\openFrameworks\of_v0.12.0_vs_release\libs\openFrameworks\math\ofMatrix4x4.h(914,12): warning C4267: 'argument': conversion from 'size_t' to 'int', possible loss of data (compiling source file src\ofUI.cpp)
C:\Users\anna-\OneDrive\Immagini\Documenti\openFrameworks\of_v0.12.0_vs_release\libs\openFrameworks\math\ofMatrix4x4.h(915,12): warning C4267: 'argument': conversion from 'size_t' to 'int', possible loss of data (compiling source file src\ofUI.cpp)
C:\Users\anna-\OneDrive\Immagini\Documenti\openFrameworks\of_v0.12.0_vs_release\libs\openFrameworks\math\ofMatrix4x4.h(326,1): warning C4267: 'argument': conversion from 'size_t' to 'int', possible loss of data (compiling source file src\ofWord.cpp)
C:\Users\anna-\OneDrive\Immagini\Documenti\openFrameworks\of_v0.12.0_vs_release\libs\openFrameworks\math\ofMatrix4x4.h(331,1): warning C4267: 'argument': conversion from 'size_t' to 'int', possible loss of data (compiling source file src\ofWord.cpp)
C:\Users\anna-\OneDrive\Immagini\Documenti\openFrameworks\of_v0.12.0_vs_release\libs\openFrameworks\math\ofMatrix4x4.h(912,12): warning C4267: 'argument': conversion from 'size_t' to 'int', possible loss of data (compiling source file src\ofWord.cpp)
C:\Users\anna-\OneDrive\Immagini\Documenti\openFrameworks\of_v0.12.0_vs_release\libs\openFrameworks\math\ofMatrix4x4.h(913,12): warning C4267: 'argument': conversion from 'size_t' to 'int', possible loss of data (compiling source file src\ofWord.cpp)
C:\Users\anna-\OneDrive\Immagini\Documenti\openFrameworks\of_v0.12.0_vs_release\libs\openFrameworks\math\ofMatrix4x4.h(914,12): warning C4267: 'argument': conversion from 'size_t' to 'int', possible loss of data (compiling source file src\ofWord.cpp)
C:\Users\anna-\OneDrive\Immagini\Documenti\openFrameworks\of_v0.12.0_vs_release\libs\openFrameworks\math\ofMatrix4x4.h(915,12): warning C4267: 'argument': conversion from 'size_t' to 'int', possible loss of data (compiling source file src\ofWord.cpp)
C:\Users\anna-\OneDrive\Immagini\Documenti\openFrameworks\of_v0.12.0_vs_release\apps\myApps\Skribbl\src\ofPlayers.cpp(87,49): warning C4267: '=': conversion from 'size_t' to 'int', possible loss of data
  ofxBaseGui.cpp
  ofxButton.cpp
  ofxColorPicker.cpp
  ofxGuiGroup.cpp
  ofxInputField.cpp
  ofxLabel.cpp
  ofxPanel.cpp
  ofxSlider.cpp
  ofxSliderGroup.cpp
  ofxToggle.cpp
C:\Users\anna-\OneDrive\Immagini\Documenti\openFrameworks\of_v0.12.0_vs_release\libs\openFrameworks\types\ofColor.h(708,6): warning C4244: '=': conversion from 'float' to 'PixelType', possible loss of data
          with
          [
              PixelType=unsigned char
          ] (compiling source file ..\..\..\addons\ofxGui\src\ofxColorPicker.cpp)
C:\Users\anna-\OneDrive\Immagini\Documenti\openFrameworks\of_v0.12.0_vs_release\libs\openFrameworks\math\ofMatrix4x4.h(326,1): warning C4267: 'argument': conversion from 'size_t' to 'int', possible loss of data (compiling source file ..\..\..\addons\ofxGui\src\ofxGuiGroup.cpp)
C:\Users\anna-\OneDrive\Immagini\Documenti\openFrameworks\of_v0.12.0_vs_release\libs\openFrameworks\math\ofMatrix4x4.h(331,1): warning C4267: 'argument': conversion from 'size_t' to 'int', possible loss of data (compiling source file ..\..\..\addons\ofxGui\src\ofxGuiGroup.cpp)
C:\Users\anna-\OneDrive\Immagini\Documenti\openFrameworks\of_v0.12.0_vs_release\libs\openFrameworks\math\ofMatrix4x4.h(912,12): warning C4267: 'argument': conversion from 'size_t' to 'int', possible loss of data (compiling source file ..\..\..\addons\ofxGui\src\ofxGuiGroup.cpp)
C:\Users\anna-\OneDrive\Immagini\Documenti\openFrameworks\of_v0.12.0_vs_release\libs\openFrameworks\math\ofMatrix4x4.h(913,12): warning C4267: 'argument': conversion from 'size_t' to 'int', possible loss of data (compiling source file ..\..\..\addons\ofxGui\src\ofxGuiGroup.cpp)
C:\Users\anna-\OneDrive\Immagini\Documenti\openFrameworks\of_v0.12.0_vs_release\libs\openFrameworks\math\ofMatrix4x4.h(914,12): warning C4267: 'argument': conversion from 'size_t' to 'int', possible loss of data (compiling source file ..\..\..\addons\ofxGui\src\ofxGuiGroup.cpp)
C:\Users\anna-\OneDrive\Immagini\Documenti\openFrameworks\of_v0.12.0_vs_release\libs\openFrameworks\math\ofMatrix4x4.h(915,12): warning C4267: 'argument': conversion from 'size_t' to 'int', possible loss of data (compiling source file ..\..\..\addons\ofxGui\src\ofxGuiGroup.cpp)
C:\Users\anna-\OneDrive\Immagini\Documenti\openFrameworks\of_v0.12.0_vs_release\libs\openFrameworks\math\ofMatrix4x4.h(326,1): warning C4267: 'argument': conversion from 'size_t' to 'int', possible loss of data (compiling source file ..\..\..\addons\ofxGui\src\ofxPanel.cpp)
C:\Users\anna-\OneDrive\Immagini\Documenti\openFrameworks\of_v0.12.0_vs_release\libs\openFrameworks\math\ofMatrix4x4.h(331,1): warning C4267: 'argument': conversion from 'size_t' to 'int', possible loss of data (compiling source file ..\..\..\addons\ofxGui\src\ofxPanel.cpp)
C:\Users\anna-\OneDrive\Immagini\Documenti\openFrameworks\of_v0.12.0_vs_release\libs\openFrameworks\math\ofMatrix4x4.h(326,1): warning C4267: 'argument': conversion from 'size_t' to 'int', possible loss of data (compiling source file ..\..\..\addons\ofxGui\src\ofxToggle.cpp)
C:\Users\anna-\OneDrive\Immagini\Documenti\openFrameworks\of_v0.12.0_vs_release\libs\openFrameworks\math\ofMatrix4x4.h(331,1): warning C4267: 'argument': conversion from 'size_t' to 'int', possible loss of data (compiling source file ..\..\..\addons\ofxGui\src\ofxToggle.cpp)
C:\Users\anna-\OneDrive\Immagini\Documenti\openFrameworks\of_v0.12.0_vs_release\libs\openFrameworks\math\ofMatrix4x4.h(326,1): warning C4267: 'argument': conversion from 'size_t' to 'int', possible loss of data (compiling source file ..\..\..\addons\ofxGui\src\ofxInputField.cpp)
C:\Users\anna-\OneDrive\Immagini\Documenti\openFrameworks\of_v0.12.0_vs_release\libs\openFrameworks\math\ofMatrix4x4.h(331,1): warning C4267: 'argument': conversion from 'size_t' to 'int', possible loss of data (compiling source file ..\..\..\addons\ofxGui\src\ofxInputField.cpp)
C:\Users\anna-\OneDrive\Immagini\Documenti\openFrameworks\of_v0.12.0_vs_release\libs\openFrameworks\math\ofMatrix4x4.h(326,1): warning C4267: 'argument': conversion from 'size_t' to 'int', possible loss of data (compiling source file ..\..\..\addons\ofxGui\src\ofxButton.cpp)
C:\Users\anna-\OneDrive\Immagini\Documenti\openFrameworks\of_v0.12.0_vs_release\libs\openFrameworks\math\ofMatrix4x4.h(331,1): warning C4267: 'argument': conversion from 'size_t' to 'int', possible loss of data (compiling source file ..\..\..\addons\ofxGui\src\ofxButton.cpp)
C:\Users\anna-\OneDrive\Immagini\Documenti\openFrameworks\of_v0.12.0_vs_release\libs\openFrameworks\math\ofMatrix4x4.h(912,12): warning C4267: 'argument': conversion from 'size_t' to 'int', possible loss of data (compiling source file ..\..\..\addons\ofxGui\src\ofxPanel.cpp)
C:\Users\anna-\OneDrive\Immagini\Documenti\openFrameworks\of_v0.12.0_vs_release\libs\openFrameworks\math\ofMatrix4x4.h(913,12): warning C4267: 'argument': conversion from 'size_t' to 'int', possible loss of data (compiling source file ..\..\..\addons\ofxGui\src\ofxPanel.cpp)
C:\Users\anna-\OneDrive\Immagini\Documenti\openFrameworks\of_v0.12.0_vs_release\libs\openFrameworks\math\ofMatrix4x4.h(914,12): warning C4267: 'argument': conversion from 'size_t' to 'int', possible loss of data (compiling source file ..\..\..\addons\ofxGui\src\ofxPanel.cpp)
C:\Users\anna-\OneDrive\Immagini\Documenti\openFrameworks\of_v0.12.0_vs_release\libs\openFrameworks\math\ofMatrix4x4.h(915,12): warning C4267: 'argument': conversion from 'size_t' to 'int', possible loss of data (compiling source file ..\..\..\addons\ofxGui\src\ofxPanel.cpp)
C:\Users\anna-\OneDrive\Immagini\Documenti\openFrameworks\of_v0.12.0_vs_release\libs\openFrameworks\math\ofMatrix4x4.h(912,12): warning C4267: 'argument': conversion from 'size_t' to 'int', possible loss of data (compiling source file ..\..\..\addons\ofxGui\src\ofxToggle.cpp)
C:\Users\anna-\OneDrive\Immagini\Documenti\openFrameworks\of_v0.12.0_vs_release\libs\openFrameworks\math\ofMatrix4x4.h(913,12): warning C4267: 'argument': conversion from 'size_t' to 'int', possible loss of data (compiling source file ..\..\..\addons\ofxGui\src\ofxToggle.cpp)
C:\Users\anna-\OneDrive\Immagini\Documenti\openFrameworks\of_v0.12.0_vs_release\libs\openFrameworks\math\ofMatrix4x4.h(914,12): warning C4267: 'argument': conversion from 'size_t' to 'int', possible loss of data (compiling source file ..\..\..\addons\ofxGui\src\ofxToggle.cpp)
C:\Users\anna-\OneDrive\Immagini\Documenti\openFrameworks\of_v0.12.0_vs_release\libs\openFrameworks\math\ofMatrix4x4.h(915,12): warning C4267: 'argument': conversion from 'size_t' to 'int', possible loss of data (compiling source file ..\..\..\addons\ofxGui\src\ofxToggle.cpp)
C:\Users\anna-\OneDrive\Immagini\Documenti\openFrameworks\of_v0.12.0_vs_release\libs\openFrameworks\math\ofMatrix4x4.h(912,12): warning C4267: 'argument': conversion from 'size_t' to 'int', possible loss of data (compiling source file ..\..\..\addons\ofxGui\src\ofxInputField.cpp)
C:\Users\anna-\OneDrive\Immagini\Documenti\openFrameworks\of_v0.12.0_vs_release\libs\openFrameworks\math\ofMatrix4x4.h(326,1): warning C4267: 'argument': conversion from 'size_t' to 'int', possible loss of data (compiling source file ..\..\..\addons\ofxGui\src\ofxSlider.cpp)
C:\Users\anna-\OneDrive\Immagini\Documenti\openFrameworks\of_v0.12.0_vs_release\libs\openFrameworks\math\ofMatrix4x4.h(913,12): warning C4267: 'argument': conversion from 'size_t' to 'int', possible loss of data (compiling source file ..\..\..\addons\ofxGui\src\ofxInputField.cpp)
C:\Users\anna-\OneDrive\Immagini\Documenti\openFrameworks\of_v0.12.0_vs_release\libs\openFrameworks\math\ofMatrix4x4.h(331,1): warning C4267: 'argument': conversion from 'size_t' to 'int', possible loss of data (compiling source file ..\..\..\addons\ofxGui\src\ofxSlider.cpp)
C:\Users\anna-\OneDrive\Immagini\Documenti\openFrameworks\of_v0.12.0_vs_release\libs\openFrameworks\math\ofMatrix4x4.h(912,12): warning C4267: 'argument': conversion from 'size_t' to 'int', possible loss of data (compiling source file ..\..\..\addons\ofxGui\src\ofxButton.cpp)
C:\Users\anna-\OneDrive\Immagini\Documenti\openFrameworks\of_v0.12.0_vs_release\libs\openFrameworks\math\ofMatrix4x4.h(914,12): warning C4267: 'argument': conversion from 'size_t' to 'int', possible loss of data (compiling source file ..\..\..\addons\ofxGui\src\ofxInputField.cpp)
C:\Users\anna-\OneDrive\Immagini\Documenti\openFrameworks\of_v0.12.0_vs_release\libs\openFrameworks\math\ofMatrix4x4.h(913,12): warning C4267: 'argument': conversion from 'size_t' to 'int', possible loss of data (compiling source file ..\..\..\addons\ofxGui\src\ofxButton.cpp)
C:\Users\anna-\OneDrive\Immagini\Documenti\openFrameworks\of_v0.12.0_vs_release\libs\openFrameworks\math\ofMatrix4x4.h(915,12): warning C4267: 'argument': conversion from 'size_t' to 'int', possible loss of data (compiling source file ..\..\..\addons\ofxGui\src\ofxInputField.cpp)
C:\Users\anna-\OneDrive\Immagini\Documenti\openFrameworks\of_v0.12.0_vs_release\libs\openFrameworks\math\ofMatrix4x4.h(914,12): warning C4267: 'argument': conversion from 'size_t' to 'int', possible loss of data (compiling source file ..\..\..\addons\ofxGui\src\ofxButton.cpp)
C:\Users\anna-\OneDrive\Immagini\Documenti\openFrameworks\of_v0.12.0_vs_release\libs\openFrameworks\math\ofMatrix4x4.h(915,12): warning C4267: 'argument': conversion from 'size_t' to 'int', possible loss of data (compiling source file ..\..\..\addons\ofxGui\src\ofxButton.cpp)
C:\Users\anna-\OneDrive\Immagini\Documenti\openFrameworks\of_v0.12.0_vs_release\libs\openFrameworks\math\ofMatrix4x4.h(912,12): warning C4267: 'argument': conversion from 'size_t' to 'int', possible loss of data (compiling source file ..\..\..\addons\ofxGui\src\ofxSlider.cpp)
C:\Users\anna-\OneDrive\Immagini\Documenti\openFrameworks\of_v0.12.0_vs_release\libs\openFrameworks\math\ofMatrix4x4.h(913,12): warning C4267: 'argument': conversion from 'size_t' to 'int', possible loss of data (compiling source file ..\..\..\addons\ofxGui\src\ofxSlider.cpp)
C:\Users\anna-\OneDrive\Immagini\Documenti\openFrameworks\of_v0.12.0_vs_release\libs\openFrameworks\math\ofMatrix4x4.h(914,12): warning C4267: 'argument': conversion from 'size_t' to 'int', possible loss of data (compiling source file ..\..\..\addons\ofxGui\src\ofxSlider.cpp)
C:\Users\anna-\OneDrive\Immagini\Documenti\openFrameworks\of_v0.12.0_vs_release\libs\openFrameworks\math\ofMatrix4x4.h(915,12): warning C4267: 'argument': conversion from 'size_t' to 'int', possible loss of data (compiling source file ..\..\..\addons\ofxGui\src\ofxSlider.cpp)
C:\Users\anna-\OneDrive\Immagini\Documenti\openFrameworks\of_v0.12.0_vs_release\libs\openFrameworks\math\ofMatrix4x4.h(326,1): warning C4267: 'argument': conversion from 'size_t' to 'int', possible loss of data (compiling source file ..\..\..\addons\ofxGui\src\ofxBaseGui.cpp)
C:\Users\anna-\OneDrive\Immagini\Documenti\openFrameworks\of_v0.12.0_vs_release\libs\openFrameworks\math\ofMatrix4x4.h(331,1): warning C4267: 'argument': conversion from 'size_t' to 'int', possible loss of data (compiling source file ..\..\..\addons\ofxGui\src\ofxBaseGui.cpp)
C:\Users\anna-\OneDrive\Immagini\Documenti\openFrameworks\of_v0.12.0_vs_release\libs\openFrameworks\math\ofMatrix4x4.h(912,12): warning C4267: 'argument': conversion from 'size_t' to 'int', possible loss of data (compiling source file ..\..\..\addons\ofxGui\src\ofxBaseGui.cpp)
C:\Users\anna-\OneDrive\Immagini\Documenti\openFrameworks\of_v0.12.0_vs_release\libs\openFrameworks\math\ofMatrix4x4.h(913,12): warning C4267: 'argument': conversion from 'size_t' to 'int', possible loss of data (compiling source file ..\..\..\addons\ofxGui\src\ofxBaseGui.cpp)
C:\Users\anna-\OneDrive\Immagini\Documenti\openFrameworks\of_v0.12.0_vs_release\libs\openFrameworks\math\ofMatrix4x4.h(914,12): warning C4267: 'argument': conversion from 'size_t' to 'int', possible loss of data (compiling source file ..\..\..\addons\ofxGui\src\ofxBaseGui.cpp)
C:\Users\anna-\OneDrive\Immagini\Documenti\openFrameworks\of_v0.12.0_vs_release\libs\openFrameworks\math\ofMatrix4x4.h(915,12): warning C4267: 'argument': conversion from 'size_t' to 'int', possible loss of data (compiling source file ..\..\..\addons\ofxGui\src\ofxBaseGui.cpp)
C:\Users\anna-\OneDrive\Immagini\Documenti\openFrameworks\of_v0.12.0_vs_release\libs\openFrameworks\math\ofMatrix4x4.h(326,1): warning C4267: 'argument': conversion from 'size_t' to 'int', possible loss of data (compiling source file ..\..\..\addons\ofxGui\src\ofxLabel.cpp)
C:\Users\anna-\OneDrive\Immagini\Documenti\openFrameworks\of_v0.12.0_vs_release\libs\openFrameworks\math\ofMatrix4x4.h(331,1): warning C4267: 'argument': conversion from 'size_t' to 'int', possible loss of data (compiling source file ..\..\..\addons\ofxGui\src\ofxLabel.cpp)
C:\Users\anna-\OneDrive\Immagini\Documenti\openFrameworks\of_v0.12.0_vs_release\libs\openFrameworks\math\ofMatrix4x4.h(912,12): warning C4267: 'argument': conversion from 'size_t' to 'int', possible loss of data (compiling source file ..\..\..\addons\ofxGui\src\ofxLabel.cpp)
C:\Users\anna-\OneDrive\Immagini\Documenti\openFrameworks\of_v0.12.0_vs_release\libs\openFrameworks\math\ofMatrix4x4.h(913,12): warning C4267: 'argument': conversion from 'size_t' to 'int', possible loss of data (compiling source file ..\..\..\addons\ofxGui\src\ofxLabel.cpp)
C:\Users\anna-\OneDrive\Immagini\Documenti\openFrameworks\of_v0.12.0_vs_release\libs\openFrameworks\math\ofMatrix4x4.h(914,12): warning C4267: 'argument': conversion from 'size_t' to 'int', possible loss of data (compiling source file ..\..\..\addons\ofxGui\src\ofxLabel.cpp)
C:\Users\anna-\OneDrive\Immagini\Documenti\openFrameworks\of_v0.12.0_vs_release\libs\openFrameworks\math\ofMatrix4x4.h(915,12): warning C4267: 'argument': conversion from 'size_t' to 'int', possible loss of data (compiling source file ..\..\..\addons\ofxGui\src\ofxLabel.cpp)
C:\Users\anna-\OneDrive\Immagini\Documenti\openFrameworks\of_v0.12.0_vs_release\libs\openFrameworks\math\ofMatrix4x4.h(326,1): warning C4267: 'argument': conversion from 'size_t' to 'int', possible loss of data (compiling source file ..\..\..\addons\ofxGui\src\ofxColorPicker.cpp)
C:\Users\anna-\OneDrive\Immagini\Documenti\openFrameworks\of_v0.12.0_vs_release\libs\openFrameworks\math\ofMatrix4x4.h(331,1): warning C4267: 'argument': conversion from 'size_t' to 'int', possible loss of data (compiling source file ..\..\..\addons\ofxGui\src\ofxColorPicker.cpp)
C:\Users\anna-\OneDrive\Immagini\Documenti\openFrameworks\of_v0.12.0_vs_release\libs\openFrameworks\math\ofMatrix4x4.h(912,12): warning C4267: 'argument': conversion from 'size_t' to 'int', possible loss of data (compiling source file ..\..\..\addons\ofxGui\src\ofxColorPicker.cpp)
C:\Users\anna-\OneDrive\Immagini\Documenti\openFrameworks\of_v0.12.0_vs_release\libs\openFrameworks\math\ofMatrix4x4.h(913,12): warning C4267: 'argument': conversion from 'size_t' to 'int', possible loss of data (compiling source file ..\..\..\addons\ofxGui\src\ofxColorPicker.cpp)
C:\Users\anna-\OneDrive\Immagini\Documenti\openFrameworks\of_v0.12.0_vs_release\libs\openFrameworks\math\ofMatrix4x4.h(914,12): warning C4267: 'argument': conversion from 'size_t' to 'int', possible loss of data (compiling source file ..\..\..\addons\ofxGui\src\ofxColorPicker.cpp)
C:\Users\anna-\OneDrive\Immagini\Documenti\openFrameworks\of_v0.12.0_vs_release\libs\openFrameworks\math\ofMatrix4x4.h(915,12): warning C4267: 'argument': conversion from 'size_t' to 'int', possible loss of data (compiling source file ..\..\..\addons\ofxGui\src\ofxColorPicker.cpp)
C:\Users\anna-\OneDrive\Immagini\Documenti\openFrameworks\of_v0.12.0_vs_release\libs\openFrameworks\math\ofMatrix4x4.h(326,1): warning C4267: 'argument': conversion from 'size_t' to 'int', possible loss of data (compiling source file ..\..\..\addons\ofxGui\src\ofxSliderGroup.cpp)
C:\Users\anna-\OneDrive\Immagini\Documenti\openFrameworks\of_v0.12.0_vs_release\libs\openFrameworks\math\ofMatrix4x4.h(331,1): warning C4267: 'argument': conversion from 'size_t' to 'int', possible loss of data (compiling source file ..\..\..\addons\ofxGui\src\ofxSliderGroup.cpp)
C:\Users\anna-\OneDrive\Immagini\Documenti\openFrameworks\of_v0.12.0_vs_release\libs\openFrameworks\math\ofMatrix4x4.h(912,12): warning C4267: 'argument': conversion from 'size_t' to 'int', possible loss of data (compiling source file ..\..\..\addons\ofxGui\src\ofxSliderGroup.cpp)
C:\Users\anna-\OneDrive\Immagini\Documenti\openFrameworks\of_v0.12.0_vs_release\libs\openFrameworks\math\ofMatrix4x4.h(913,12): warning C4267: 'argument': conversion from 'size_t' to 'int', possible loss of data (compiling source file ..\..\..\addons\ofxGui\src\ofxSliderGroup.cpp)
C:\Users\anna-\OneDrive\Immagini\Documenti\openFrameworks\of_v0.12.0_vs_release\libs\openFrameworks\math\ofMatrix4x4.h(914,12): warning C4267: 'argument': conversion from 'size_t' to 'int', possible loss of data (compiling source file ..\..\..\addons\ofxGui\src\ofxSliderGroup.cpp)
C:\Users\anna-\OneDrive\Immagini\Documenti\openFrameworks\of_v0.12.0_vs_release\libs\openFrameworks\math\ofMatrix4x4.h(915,12): warning C4267: 'argument': conversion from 'size_t' to 'int', possible loss of data (compiling source file ..\..\..\addons\ofxGui\src\ofxSliderGroup.cpp)
C:\Users\anna-\OneDrive\Immagini\Documenti\openFrameworks\of_v0.12.0_vs_release\addons\ofxGui\src\ofxInputField.cpp(369,1): warning C4267: 'argument': conversion from 'size_t' to 'int', possible loss of data
C:\Users\anna-\OneDrive\Immagini\Documenti\openFrameworks\of_v0.12.0_vs_release\addons\ofxGui\src\ofxInputField.cpp(351): message : while compiling class template member function 'bool ofxInputField<float>::mousePressed(ofMouseEventArgs &)'
C:\Users\anna-\OneDrive\Immagini\Documenti\openFrameworks\of_v0.12.0_vs_release\addons\ofxGui\src\ofxInputField.cpp(804): message : see reference to class template instantiation 'ofxInputField<float>' being compiled
C:\Users\anna-\OneDrive\Immagini\Documenti\openFrameworks\of_v0.12.0_vs_release\addons\ofxGui\src\ofxInputField.cpp(530,1): warning C4267: 'argument': conversion from 'size_t' to 'int', possible loss of data
C:\Users\anna-\OneDrive\Immagini\Documenti\openFrameworks\of_v0.12.0_vs_release\addons\ofxGui\src\ofxInputField.cpp(471): message : while compiling class template member function 'bool ofxInputField<float>::keyPressed(ofKeyEventArgs &)'
C:\Users\anna-\OneDrive\Immagini\Documenti\openFrameworks\of_v0.12.0_vs_release\addons\ofxGui\src\ofxInputField.cpp(557,1): warning C4267: 'argument': conversion from 'size_t' to 'int', possible loss of data
C:\Users\anna-\OneDrive\Immagini\Documenti\openFrameworks\of_v0.12.0_vs_release\addons\ofxGui\src\ofxInputField.cpp(559,1): warning C4267: 'argument': conversion from 'size_t' to 'int', possible loss of data
C:\Users\anna-\OneDrive\Immagini\Documenti\openFrameworks\of_v0.12.0_vs_release\addons\ofxGui\src\ofxInputField.cpp(775,1): warning C4267: 'argument': conversion from 'size_t' to 'int', possible loss of data
C:\Users\anna-\OneDrive\Immagini\Documenti\openFrameworks\of_v0.12.0_vs_release\addons\ofxGui\src\ofxInputField.cpp(772): message : while compiling class template member function 'void ofxInputField<float>::valueChanged(Type &)'
          with
          [
              Type=float
          ]
C:\Users\anna-\OneDrive\Immagini\Documenti\openFrameworks\of_v0.12.0_vs_release\addons\ofxGui\src\ofxInputField.cpp(147): message : see reference to function template instantiation 'void ofxInputField<float>::valueChanged(Type &)' being compiled
          with
          [
              Type=float
          ]
C:\Users\anna-\OneDrive\Immagini\Documenti\openFrameworks\of_v0.12.0_vs_release\addons\ofxGui\src\ofxColorPicker.cpp(215,1): warning C4267: 'argument': conversion from 'size_t' to 'int', possible loss of data
C:\Users\anna-\OneDrive\Immagini\Documenti\openFrameworks\of_v0.12.0_vs_release\addons\ofxGui\src\ofxColorPicker.cpp(194): message : while compiling class template member function 'ofMesh ofxColorPicker_<unsigned char>::getColorPoint(void)'
C:\Users\anna-\OneDrive\Immagini\Documenti\openFrameworks\of_v0.12.0_vs_release\addons\ofxGui\src\ofxColorPicker.cpp(486): message : see reference to function template instantiation 'ofMesh ofxColorPicker_<unsigned char>::getColorPoint(void)' being compiled
C:\Users\anna-\OneDrive\Immagini\Documenti\openFrameworks\of_v0.12.0_vs_release\addons\ofxGui\src\ofxColorPicker.cpp(491): message : see reference to class template instantiation 'ofxColorPicker_<unsigned char>' being compiled
C:\Users\anna-\OneDrive\Immagini\Documenti\openFrameworks\of_v0.12.0_vs_release\addons\ofxGui\src\ofxColorPicker.cpp(216,1): warning C4267: 'argument': conversion from 'size_t' to 'int', possible loss of data
C:\Users\anna-\OneDrive\Immagini\Documenti\openFrameworks\of_v0.12.0_vs_release\addons\ofxGui\src\ofxColorPicker.cpp(225,1): warning C4267: 'argument': conversion from 'size_t' to 'int', possible loss of data
C:\Users\anna-\OneDrive\Immagini\Documenti\openFrameworks\of_v0.12.0_vs_release\addons\ofxGui\src\ofxColorPicker.cpp(226,1): warning C4267: 'argument': conversion from 'size_t' to 'int', possible loss of data
C:\Users\anna-\OneDrive\Immagini\Documenti\openFrameworks\of_v0.12.0_vs_release\addons\ofxGui\src\ofxColorPicker.cpp(245,1): warning C4267: 'argument': conversion from 'size_t' to 'int', possible loss of data
C:\Users\anna-\OneDrive\Immagini\Documenti\openFrameworks\of_v0.12.0_vs_release\addons\ofxGui\src\ofxColorPicker.cpp(236): message : while compiling class template member function 'ofMesh ofxColorPicker_<unsigned char>::getColorWheel(void)'
C:\Users\anna-\OneDrive\Immagini\Documenti\openFrameworks\of_v0.12.0_vs_release\addons\ofxGui\src\ofxColorPicker.cpp(485): message : see reference to function template instantiation 'ofMesh ofxColorPicker_<unsigned char>::getColorWheel(void)' being compiled
C:\Users\anna-\OneDrive\Immagini\Documenti\openFrameworks\of_v0.12.0_vs_release\addons\ofxGui\src\ofxColorPicker.cpp(246,1): warning C4267: 'argument': conversion from 'size_t' to 'int', possible loss of data
C:\Users\anna-\OneDrive\Immagini\Documenti\openFrameworks\of_v0.12.0_vs_release\libs\openFrameworks\graphics\ofPolyline.inl(409,1): warning C4267: '=': conversion from 'size_t' to 'int', possible loss of data (compiling source file ..\..\..\addons\ofxGui\src\ofxColorPicker.cpp)
C:\Users\anna-\OneDrive\Immagini\Documenti\openFrameworks\of_v0.12.0_vs_release\libs\openFrameworks\graphics\ofPolyline.inl(331): message : while compiling class template member function 'void ofPolyline_<ofDefaultVertexType>::arc(const T &,float,float,float,float,bool,int)'
          with
          [
              T=ofDefaultVertexType
          ] (compiling source file ..\..\..\addons\ofxGui\src\ofxColorPicker.cpp)
C:\Users\anna-\OneDrive\Immagini\Documenti\openFrameworks\of_v0.12.0_vs_release\addons\ofxGui\src\ofxColorPicker.cpp(208): message : see reference to function template instantiation 'void ofPolyline_<ofDefaultVertexType>::arc(const T &,float,float,float,float,bool,int)' being compiled
          with
          [
              T=ofDefaultVertexType
          ]
C:\Users\anna-\OneDrive\Immagini\Documenti\openFrameworks\of_v0.12.0_vs_release\addons\ofxGui\src\ofxColorPicker.cpp(194): message : while compiling class template member function 'ofMesh ofxColorPicker_<unsigned char>::getColorPoint(void)'
C:\Users\anna-\OneDrive\Immagini\Documenti\openFrameworks\of_v0.12.0_vs_release\addons\ofxGui\src\ofxColorPicker.cpp(486): message : see reference to function template instantiation 'ofMesh ofxColorPicker_<unsigned char>::getColorPoint(void)' being compiled
C:\Users\anna-\OneDrive\Immagini\Documenti\openFrameworks\of_v0.12.0_vs_release\addons\ofxGui\src\ofxSliderGroup.cpp(25,1): warning C4267: 'argument': conversion from 'size_t' to 'glm::vec<3,float,glm::packed_highp>::length_type', possible loss of data
C:\Users\anna-\OneDrive\Immagini\Documenti\openFrameworks\of_v0.12.0_vs_release\addons\ofxGui\src\ofxSliderGroup.cpp(10): message : while compiling class template member function 'ofxVecSlider_<ofDefaultVec3> *ofxVecSlider_<ofDefaultVec3>::setup(ofParameter<ofDefaultVec3>,float,float)'
C:\Users\anna-\OneDrive\Immagini\Documenti\openFrameworks\of_v0.12.0_vs_release\addons\ofxGui\src\ofxSliderGroup.cpp(6): message : see reference to function template instantiation 'ofxVecSlider_<ofDefaultVec3> *ofxVecSlider_<ofDefaultVec3>::setup(ofParameter<ofDefaultVec3>,float,float)' being compiled
C:\Users\anna-\OneDrive\Immagini\Documenti\openFrameworks\of_v0.12.0_vs_release\addons\ofxGui\src\ofxSliderGroup.cpp(68): message : see reference to class template instantiation 'ofxVecSlider_<ofDefaultVec3>' being compiled
C:\Users\anna-\OneDrive\Immagini\Documenti\openFrameworks\of_v0.12.0_vs_release\addons\ofxGui\src\ofxSliderGroup.cpp(58,1): warning C4267: 'argument': conversion from 'size_t' to 'glm::vec<3,float,glm::packed_highp>::length_type', possible loss of data
C:\Users\anna-\OneDrive\Immagini\Documenti\openFrameworks\of_v0.12.0_vs_release\addons\ofxGui\src\ofxSliderGroup.cpp(53): message : while compiling class template member function 'void ofxVecSlider_<ofDefaultVec3>::changeValue(VecType &)'
          with
          [
              VecType=ofDefaultVec3
          ]
C:\Users\anna-\OneDrive\Immagini\Documenti\openFrameworks\of_v0.12.0_vs_release\addons\ofxGui\src\ofxSliderGroup.cpp(18): message : see reference to function template instantiation 'void ofxVecSlider_<ofDefaultVec3>::changeValue(VecType &)' being compiled
          with
          [
              VecType=ofDefaultVec3
          ]
C:\Users\anna-\OneDrive\Immagini\Documenti\openFrameworks\of_v0.12.0_vs_release\addons\ofxGui\src\ofxSliderGroup.cpp(25,1): warning C4267: 'argument': conversion from 'size_t' to 'glm::vec<2,float,glm::packed_highp>::length_type', possible loss of data
C:\Users\anna-\OneDrive\Immagini\Documenti\openFrameworks\of_v0.12.0_vs_release\addons\ofxGui\src\ofxSliderGroup.cpp(10): message : while compiling class template member function 'ofxVecSlider_<ofDefaultVec2> *ofxVecSlider_<ofDefaultVec2>::setup(ofParameter<ofDefaultVec2>,float,float)'
C:\Users\anna-\OneDrive\Immagini\Documenti\openFrameworks\of_v0.12.0_vs_release\addons\ofxGui\src\ofxSliderGroup.cpp(6): message : see reference to function template instantiation 'ofxVecSlider_<ofDefaultVec2> *ofxVecSlider_<ofDefaultVec2>::setup(ofParameter<ofDefaultVec2>,float,float)' being compiled
C:\Users\anna-\OneDrive\Immagini\Documenti\openFrameworks\of_v0.12.0_vs_release\addons\ofxGui\src\ofxSliderGroup.cpp(63): message : see reference to class template instantiation 'ofxVecSlider_<ofDefaultVec2>' being compiled
C:\Users\anna-\OneDrive\Immagini\Documenti\openFrameworks\of_v0.12.0_vs_release\addons\ofxGui\src\ofxSliderGroup.cpp(58,1): warning C4267: 'argument': conversion from 'size_t' to 'glm::vec<2,float,glm::packed_highp>::length_type', possible loss of data
C:\Users\anna-\OneDrive\Immagini\Documenti\openFrameworks\of_v0.12.0_vs_release\addons\ofxGui\src\ofxSliderGroup.cpp(53): message : while compiling class template member function 'void ofxVecSlider_<ofDefaultVec2>::changeValue(VecType &)'
          with
          [
              VecType=ofDefaultVec2
          ]
C:\Users\anna-\OneDrive\Immagini\Documenti\openFrameworks\of_v0.12.0_vs_release\addons\ofxGui\src\ofxSliderGroup.cpp(18): message : see reference to function template instantiation 'void ofxVecSlider_<ofDefaultVec2>::changeValue(VecType &)' being compiled
          with
          [
              VecType=ofDefaultVec2
          ]
C:\Users\anna-\OneDrive\Immagini\Documenti\openFrameworks\of_v0.12.0_vs_release\addons\ofxGui\src\ofxSliderGroup.cpp(25,1): warning C4267: 'argument': conversion from 'size_t' to 'glm::vec<4,float,glm::packed_highp>::length_type', possible loss of data
C:\Users\anna-\OneDrive\Immagini\Documenti\openFrameworks\of_v0.12.0_vs_release\addons\ofxGui\src\ofxSliderGroup.cpp(10): message : while compiling class template member function 'ofxVecSlider_<ofDefaultVec4> *ofxVecSlider_<ofDefaultVec4>::setup(ofParameter<ofDefaultVec4>,float,float)'
C:\Users\anna-\OneDrive\Immagini\Documenti\openFrameworks\of_v0.12.0_vs_release\addons\ofxGui\src\ofxSliderGroup.cpp(6): message : see reference to function template instantiation 'ofxVecSlider_<ofDefaultVec4> *ofxVecSlider_<ofDefaultVec4>::setup(ofParameter<ofDefaultVec4>,float,float)' being compiled
C:\Users\anna-\OneDrive\Immagini\Documenti\openFrameworks\of_v0.12.0_vs_release\addons\ofxGui\src\ofxSliderGroup.cpp(73): message : see reference to class template instantiation 'ofxVecSlider_<ofDefaultVec4>' being compiled
C:\Users\anna-\OneDrive\Immagini\Documenti\openFrameworks\of_v0.12.0_vs_release\addons\ofxGui\src\ofxSliderGroup.cpp(58,1): warning C4267: 'argument': conversion from 'size_t' to 'glm::vec<4,float,glm::packed_highp>::length_type', possible loss of data
C:\Users\anna-\OneDrive\Immagini\Documenti\openFrameworks\of_v0.12.0_vs_release\addons\ofxGui\src\ofxSliderGroup.cpp(53): message : while compiling class template member function 'void ofxVecSlider_<ofDefaultVec4>::changeValue(VecType &)'
          with
          [
              VecType=ofDefaultVec4
          ]
C:\Users\anna-\OneDrive\Immagini\Documenti\openFrameworks\of_v0.12.0_vs_release\addons\ofxGui\src\ofxSliderGroup.cpp(18): message : see reference to function template instantiation 'void ofxVecSlider_<ofDefaultVec4>::changeValue(VecType &)' being compiled
          with
          [
              VecType=ofDefaultVec4
          ]
C:\Users\anna-\OneDrive\Immagini\Documenti\openFrameworks\of_v0.12.0_vs_release\addons\ofxGui\src\ofxSliderGroup.cpp(25,1): warning C4267: 'argument': conversion from 'size_t' to 'int', possible loss of data
C:\Users\anna-\OneDrive\Immagini\Documenti\openFrameworks\of_v0.12.0_vs_release\addons\ofxGui\src\ofxSliderGroup.cpp(10): message : while compiling class template member function 'ofxVecSlider_<ofVec2f> *ofxVecSlider_<ofVec2f>::setup(ofParameter<ofVec2f>,float,float)'
C:\Users\anna-\OneDrive\Immagini\Documenti\openFrameworks\of_v0.12.0_vs_release\addons\ofxGui\src\ofxSliderGroup.cpp(6): message : see reference to function template instantiation 'ofxVecSlider_<ofVec2f> *ofxVecSlider_<ofVec2f>::setup(ofParameter<ofVec2f>,float,float)' being compiled
C:\Users\anna-\OneDrive\Immagini\Documenti\openFrameworks\of_v0.12.0_vs_release\addons\ofxGui\src\ofxSliderGroup.cpp(78): message : see reference to class template instantiation 'ofxVecSlider_<ofVec2f>' being compiled
C:\Users\anna-\OneDrive\Immagini\Documenti\openFrameworks\of_v0.12.0_vs_release\addons\ofxGui\src\ofxSliderGroup.cpp(58,1): warning C4267: 'argument': conversion from 'size_t' to 'int', possible loss of data
C:\Users\anna-\OneDrive\Immagini\Documenti\openFrameworks\of_v0.12.0_vs_release\addons\ofxGui\src\ofxSliderGroup.cpp(53): message : while compiling class template member function 'void ofxVecSlider_<ofVec2f>::changeValue(VecType &)'
          with
          [
              VecType=ofVec2f
          ]
C:\Users\anna-\OneDrive\Immagini\Documenti\openFrameworks\of_v0.12.0_vs_release\addons\ofxGui\src\ofxSliderGroup.cpp(18): message : see reference to function template instantiation 'void ofxVecSlider_<ofVec2f>::changeValue(VecType &)' being compiled
          with
          [
              VecType=ofVec2f
          ]
LINK : warning LNK4075: ignoring '/INCREMENTAL' due to '/FORCE' specification
  Skribbl.vcxproj -> C:\Users\anna-\OneDrive\Immagini\Documenti\openFrameworks\of_v0.12.0_vs_release\apps\myApps\Skribbl\bin\Skribbl_debug.exe
  
  	                   2	C:\Users\anna-\OneDrive\Immagini\Documenti\openFrameworks\of_v0.12.0_vs_release\libs\fmod\lib\vs\x64\
  	  *File supplementare		 6942208	C:\Users\anna-\OneDrive\Immagini\Documenti\openFrameworks\of_v0.12.0_vs_release\apps\myApps\Skribbl\bin\FreeImage.dll
  
  	                   1	C:\Users\anna-\OneDrive\Immagini\Documenti\openFrameworks\of_v0.12.0_vs_release\libs\FreeImage\lib\vs\x64\
  	  *File supplementare		 1826304	C:\Users\anna-\OneDrive\Immagini\Documenti\openFrameworks\of_v0.12.0_vs_release\apps\myApps\Skribbl\bin\fmod.dll
  	  *File supplementare		 2041856	C:\Users\anna-\OneDrive\Immagini\Documenti\openFrameworks\of_v0.12.0_vs_release\apps\myApps\Skribbl\bin\fmodL.dll
