  main.cpp
  ofApp.cpp
C:\Users\anna-\OneDrive\Documenti\openFrameworks\of_v0.12.0_vs_release\libs\openFrameworks\math\ofMatrix4x4.h(326,1): warning C4267: 'argument': conversion from 'size_t' to 'int', possible loss of data (compiling source file src\ofApp.cpp)
C:\Users\anna-\OneDrive\Documenti\openFrameworks\of_v0.12.0_vs_release\libs\openFrameworks\math\ofMatrix4x4.h(331,1): warning C4267: 'argument': conversion from 'size_t' to 'int', possible loss of data (compiling source file src\ofApp.cpp)
C:\Users\anna-\OneDrive\Documenti\openFrameworks\of_v0.12.0_vs_release\libs\openFrameworks\math\ofMatrix4x4.h(912,12): warning C4267: 'argument': conversion from 'size_t' to 'int', possible loss of data (compiling source file src\ofApp.cpp)
C:\Users\anna-\OneDrive\Documenti\openFrameworks\of_v0.12.0_vs_release\libs\openFrameworks\math\ofMatrix4x4.h(913,12): warning C4267: 'argument': conversion from 'size_t' to 'int', possible loss of data (compiling source file src\ofApp.cpp)
C:\Users\anna-\OneDrive\Documenti\openFrameworks\of_v0.12.0_vs_release\libs\openFrameworks\math\ofMatrix4x4.h(914,12): warning C4267: 'argument': conversion from 'size_t' to 'int', possible loss of data (compiling source file src\ofApp.cpp)
C:\Users\anna-\OneDrive\Documenti\openFrameworks\of_v0.12.0_vs_release\libs\openFrameworks\math\ofMatrix4x4.h(915,12): warning C4267: 'argument': conversion from 'size_t' to 'int', possible loss of data (compiling source file src\ofApp.cpp)
C:\Users\anna-\OneDrive\Documenti\openFrameworks\of_v0.12.0_vs_release\libs\openFrameworks\math\ofMatrix4x4.h(326,1): warning C4267: 'argument': conversion from 'size_t' to 'int', possible loss of data (compiling source file src\main.cpp)
C:\Users\anna-\OneDrive\Documenti\openFrameworks\of_v0.12.0_vs_release\libs\openFrameworks\math\ofMatrix4x4.h(331,1): warning C4267: 'argument': conversion from 'size_t' to 'int', possible loss of data (compiling source file src\main.cpp)
C:\Users\anna-\OneDrive\Documenti\openFrameworks\of_v0.12.0_vs_release\libs\openFrameworks\math\ofMatrix4x4.h(912,12): warning C4267: 'argument': conversion from 'size_t' to 'int', possible loss of data (compiling source file src\main.cpp)
C:\Users\anna-\OneDrive\Documenti\openFrameworks\of_v0.12.0_vs_release\libs\openFrameworks\math\ofMatrix4x4.h(913,12): warning C4267: 'argument': conversion from 'size_t' to 'int', possible loss of data (compiling source file src\main.cpp)
C:\Users\anna-\OneDrive\Documenti\openFrameworks\of_v0.12.0_vs_release\libs\openFrameworks\math\ofMatrix4x4.h(914,12): warning C4267: 'argument': conversion from 'size_t' to 'int', possible loss of data (compiling source file src\main.cpp)
C:\Users\anna-\OneDrive\Documenti\openFrameworks\of_v0.12.0_vs_release\libs\openFrameworks\math\ofMatrix4x4.h(915,12): warning C4267: 'argument': conversion from 'size_t' to 'int', possible loss of data (compiling source file src\main.cpp)
  LINK : /LTCG specified but no code generation required; remove /LTCG from the link command line to improve linker performance
  05_mouseGrid.vcxproj -> C:\Users\anna-\OneDrive\Documenti\FilmUni\2 Term\CCII\MALF\05_graphics_practice\solutions\05_mouseGrid\bin\05_mouseGrid.exe
  
  	                   2	C:\Users\anna-\OneDrive\Documenti\openFrameworks\of_v0.12.0_vs_release\libs\fmod\lib\vs\x64\
  	  *File supplementare		 6942208	C:\Users\anna-\OneDrive\Documenti\FilmUni\2 Term\CCII\MALF\05_graphics_practice\solutions\05_mouseGrid\bin\FreeImage.dll
  
  	                   1	C:\Users\anna-\OneDrive\Documenti\openFrameworks\of_v0.12.0_vs_release\libs\FreeImage\lib\vs\x64\
  	  *File supplementare		 1826304	C:\Users\anna-\OneDrive\Documenti\FilmUni\2 Term\CCII\MALF\05_graphics_practice\solutions\05_mouseGrid\bin\fmod.dll
  	  *File supplementare		 2041856	C:\Users\anna-\OneDrive\Documenti\FilmUni\2 Term\CCII\MALF\05_graphics_practice\solutions\05_mouseGrid\bin\fmodL.dll
